-------------------------------------------------------------------------------
Test set: com.Runner.Test_Runner
-------------------------------------------------------------------------------
Tests run: 1, Failures: 0, Errors: 1, Skipped: 0, Time elapsed: 0.132 s <<< FAILURE! - in com.Runner.Test_Runner
initializationError(com.Runner.Test_Runner)  Time elapsed: 0.022 s  <<< ERROR!
java.lang.NoClassDefFoundError: org/openqa/selenium/WebDriver
Caused by: java.lang.ClassNotFoundException: org.openqa.selenium.WebDriver

